#
# There is insufficient memory for the Java Runtime Environment to continue.
# Native memory allocation (mmap) failed to map 268435456 bytes for Failed to commit area from 0x0000000701e00000 to 0x0000000711e00000 of length 268435456.
# Possible reasons:
#   The system is out of physical RAM or swap space
#   The process is running with CompressedOops enabled, and the Java Heap may be blocking the growth of the native heap
# Possible solutions:
#   Reduce memory load on the system
#   Increase physical memory or swap space
#   Check if swap backing store is full
#   Decrease Java heap size (-Xmx/-Xms)
#   Decrease number of Java threads
#   Decrease Java thread stack sizes (-Xss)
#   Set larger code cache with -XX:ReservedCodeCacheSize=
# This output file may be truncated or incomplete.
#
#  Out of Memory Error (./src/hotspot/os/windows/os_windows.cpp:3511), pid=2280, tid=15028
#
# JRE version:  (11.0.11+9) (build )
# Java VM: OpenJDK 64-Bit Server VM (11.0.11+9-b1504.16, mixed mode, sharing, tiered, compressed oops, g1 gc, windows-amd64)
# No core dump will be written. Minidumps are not enabled by default on client versions of Windows
#

---------------  S U M M A R Y ------------

Command Line: git4idea.http.GitAskPassApp Username for 'https://github.com': 

Host: Intel(R) Core(TM) i3-6006U CPU @ 2.00GHz, 4 cores, 15G,  Windows 10 , 64 bit Build 19041 (10.0.19041.1466)
Time: Sat Jan 29 19:27:07 2022 RTZ 2 (зима) elapsed time: 0.030980 seconds (0d 0h 0m 0s)

---------------  T H R E A D  ---------------

Current thread (0x0000026727214000):  JavaThread "Unknown thread" [_thread_in_vm, id=15028, stack(0x000000d329500000,0x000000d329600000)]

Stack: [0x000000d329500000,0x000000d329600000]
Native frames: (J=compiled Java code, j=interpreted, Vv=VM code, C=native code)
V  [jvm.dll+0x5f5d5a]
V  [jvm.dll+0x7798b5]
V  [jvm.dll+0x77aecd]
V  [jvm.dll+0x77b583]
V  [jvm.dll+0x244978]
V  [jvm.dll+0x5f3174]
V  [jvm.dll+0x5e7d55]
V  [jvm.dll+0x30068b]
V  [jvm.dll+0x3005fa]
V  [jvm.dll+0x3004d2]
V  [jvm.dll+0x3053c6]
V  [jvm.dll+0x34e0a3]
V  [jvm.dll+0x34e7a6]
V  [jvm.dll+0x34e1a3]
V  [jvm.dll+0x2db0c8]
V  [jvm.dll+0x2dc267]
V  [jvm.dll+0x758057]
V  [jvm.dll+0x75984c]
V  [jvm.dll+0x35b659]
V  [jvm.dll+0x73b67e]
V  [jvm.dll+0x3c39f3]
V  [jvm.dll+0x3c5dd1]
C  [jli.dll+0x5373]
C  [ucrtbase.dll+0x21bb2]
C  [KERNEL32.DLL+0x17034]
C  [ntdll.dll+0x52651]


---------------  P R O C E S S  ---------------

Threads class SMR info:
_java_thread_list=0x0000026727113630, length=0, elements={
}

Java Threads: ( => current thread )

Other Threads:
  0x00000267271ee800 GCTaskThread "GC Thread#0" [stack: 0x000000d329600000,0x000000d329700000] [id=18472]
  0x0000026727284800 ConcurrentGCThread "G1 Main Marker" [stack: 0x000000d329700000,0x000000d329800000] [id=16144]
  0x0000026727286800 ConcurrentGCThread "G1 Conc#0" [stack: 0x000000d329800000,0x000000d329900000] [id=9220]

[error occurred during error reporting (printing all threads), id 0xc0000005, EXCEPTION_ACCESS_VIOLATION (0xc0000005) at pc=0x00007fff0fa9b8f7]

VM state:not at safepoint (not fully initialized)

VM Mutex/Monitor currently owned by a thread:  ([mutex/lock_event])
[0x0000026727210cc0] Heap_lock - owner thread: 0x0000026727214000

Heap address: 0x0000000701e00000, size: 4066 MB, Compressed Oops mode: Non-zero based: 0x0000000701e00000
Narrow klass base: 0x0000000000000000, Narrow klass shift: 0

GC Heap History (0 events):
No events

Deoptimization events (0 events):
No events

Classes redefined (0 events):
No events

Internal exceptions (0 events):
No events

Events (1 events):
Event: 0.018 Loaded shared library C:\Program Files\JetBrains\PyCharm Community Edition 2020.2.2\jbr\bin\zip.dll


Dynamic libraries:
0x00007ff61c060000 - 0x00007ff61c06a000 	C:\Program Files\JetBrains\PyCharm Community Edition 2020.2.2\jbr\bin\java.exe
0x00007fff5c490000 - 0x00007fff5c685000 	C:\WINDOWS\SYSTEM32\ntdll.dll
0x00007fff5af80000 - 0x00007fff5b03e000 	C:\WINDOWS\System32\KERNEL32.DLL
0x00007fff59d60000 - 0x00007fff5a028000 	C:\WINDOWS\System32\KERNELBASE.dll
0x00007fff5a3a0000 - 0x00007fff5a4a0000 	C:\WINDOWS\System32\ucrtbase.dll
0x00007fff49c70000 - 0x00007fff49c89000 	C:\Program Files\JetBrains\PyCharm Community Edition 2020.2.2\jbr\bin\jli.dll
0x00007fff5bfb0000 - 0x00007fff5c151000 	C:\WINDOWS\System32\USER32.dll
0x00007fff5a2c0000 - 0x00007fff5a2e2000 	C:\WINDOWS\System32\win32u.dll
0x00007fff5b370000 - 0x00007fff5b39b000 	C:\WINDOWS\System32\GDI32.dll
0x00007fff59b70000 - 0x00007fff59c7d000 	C:\WINDOWS\System32\gdi32full.dll
0x00007fff5a220000 - 0x00007fff5a2bd000 	C:\WINDOWS\System32\msvcp_win.dll
0x00007fff3f5d0000 - 0x00007fff3f86a000 	C:\WINDOWS\WinSxS\amd64_microsoft.windows.common-controls_6595b64144ccf1df_6.0.19041.1110_none_60b5254171f9507e\COMCTL32.dll
0x00007fff414f0000 - 0x00007fff41507000 	C:\Program Files\JetBrains\PyCharm Community Edition 2020.2.2\jbr\bin\VCRUNTIME140.dll
0x00007fff5b750000 - 0x00007fff5b7ee000 	C:\WINDOWS\System32\msvcrt.dll
0x00007fff5c2c0000 - 0x00007fff5c2f0000 	C:\WINDOWS\System32\IMM32.DLL
0x00007fff35ed0000 - 0x00007fff35f6d000 	C:\Program Files\JetBrains\PyCharm Community Edition 2020.2.2\jbr\bin\msvcp140.dll
0x00007fff0f7b0000 - 0x00007fff102fa000 	C:\Program Files\JetBrains\PyCharm Community Edition 2020.2.2\jbr\bin\server\jvm.dll
0x00007fff5ae50000 - 0x00007fff5aefe000 	C:\WINDOWS\System32\ADVAPI32.dll
0x00007fff5c220000 - 0x00007fff5c2bc000 	C:\WINDOWS\System32\sechost.dll
0x00007fff5c2f0000 - 0x00007fff5c415000 	C:\WINDOWS\System32\RPCRT4.dll
0x00007fff5b3a0000 - 0x00007fff5b3a8000 	C:\WINDOWS\System32\PSAPI.DLL
0x00007fff40550000 - 0x00007fff40559000 	C:\WINDOWS\SYSTEM32\WSOCK32.dll
0x00007fff515f0000 - 0x00007fff515fa000 	C:\WINDOWS\SYSTEM32\VERSION.dll
0x00007fff5b7f0000 - 0x00007fff5b85b000 	C:\WINDOWS\System32\WS2_32.dll
0x00007fff3faa0000 - 0x00007fff3fac7000 	C:\WINDOWS\SYSTEM32\WINMM.dll
0x00007fff57a60000 - 0x00007fff57a72000 	C:\WINDOWS\SYSTEM32\kernel.appcore.dll
0x00007fff4f500000 - 0x00007fff4f511000 	C:\Program Files\JetBrains\PyCharm Community Edition 2020.2.2\jbr\bin\verify.dll
0x00007fff509e0000 - 0x00007fff50bc4000 	C:\WINDOWS\SYSTEM32\DBGHELP.DLL
0x00007fff509b0000 - 0x00007fff509dc000 	C:\WINDOWS\SYSTEM32\dbgcore.DLL
0x00007fff5a030000 - 0x00007fff5a0b2000 	C:\WINDOWS\System32\bcryptPrimitives.dll
0x00007fff4d580000 - 0x00007fff4d5a9000 	C:\Program Files\JetBrains\PyCharm Community Edition 2020.2.2\jbr\bin\java.dll
0x00007fff4fa60000 - 0x00007fff4fa6b000 	C:\Program Files\JetBrains\PyCharm Community Edition 2020.2.2\jbr\bin\jimage.dll
0x00007fff4d5f0000 - 0x00007fff4d608000 	C:\Program Files\JetBrains\PyCharm Community Edition 2020.2.2\jbr\bin\zip.dll

dbghelp: loaded successfully - version: 4.0.5 - missing functions: none
symbol engine: initialized successfully - sym options: 0x614 - pdb path: .;C:\Program Files\JetBrains\PyCharm Community Edition 2020.2.2\jbr\bin;C:\WINDOWS\SYSTEM32;C:\WINDOWS\WinSxS\amd64_microsoft.windows.common-controls_6595b64144ccf1df_6.0.19041.1110_none_60b5254171f9507e;C:\Program Files\JetBrains\PyCharm Community Edition 2020.2.2\jbr\bin\server

VM Arguments:
java_command: git4idea.http.GitAskPassApp Username for 'https://github.com': 
java_class_path (initial): C:/Program Files/JetBrains/PyCharm Community Edition 2020.2.2/plugins/git4idea/lib/git4idea-rt.jar;C:/Program Files/JetBrains/PyCharm Community Edition 2020.2.2/lib/3rd-party.jar
Launcher Type: SUN_STANDARD

[Global flags]
     intx CICompilerCount                          = 3                                         {product} {ergonomic}
     uint ConcGCThreads                            = 1                                         {product} {ergonomic}
     uint G1ConcRefinementThreads                  = 4                                         {product} {ergonomic}
   size_t G1HeapRegionSize                         = 1048576                                   {product} {ergonomic}
    uintx GCDrainStackTargetSize                   = 64                                        {product} {ergonomic}
   size_t InitialHeapSize                          = 268435456                                 {product} {ergonomic}
   size_t MarkStackSize                            = 4194304                                   {product} {ergonomic}
   size_t MaxHeapSize                              = 4263510016                                {product} {ergonomic}
   size_t MinHeapDeltaBytes                        = 1048576                                   {product} {ergonomic}
    uintx NonNMethodCodeHeapSize                   = 5830732                                {pd product} {ergonomic}
    uintx NonProfiledCodeHeapSize                  = 122913754                              {pd product} {ergonomic}
    uintx ProfiledCodeHeapSize                     = 122913754                              {pd product} {ergonomic}
    uintx ReservedCodeCacheSize                    = 251658240                              {pd product} {ergonomic}
     bool SegmentedCodeCache                       = true                                      {product} {ergonomic}
     bool UseCompressedClassPointers               = true                                 {lp64_product} {ergonomic}
     bool UseCompressedOops                        = true                                 {lp64_product} {ergonomic}
     bool UseG1GC                                  = true                                      {product} {ergonomic}
     bool UseLargePagesIndividualAllocation        = false                                  {pd product} {ergonomic}

Logging:
Log output configuration:
 #0: stdout all=warning uptime,level,tags
 #1: stderr all=off uptime,level,tags

Environment Variables:
JAVA_HOME=C:\Program Files\Java\jdk-11.0.5
PATH=C:\Program Files\Git\mingw64\libexec\git-core;C:\Program Files\Git\mingw64\libexec\git-core;C:\Program Files\Git\mingw64\bin;C:\Program Files\Git\usr\bin;C:\Users\bobylev.n\bin;C:\Users\bobylev.n\PycharmProjects\stickerpicker\venv\Scripts;C:\Program Files (x86)\Common Files\Oracle\Java\javapath;C:\WINDOWS\system32;C:\WINDOWS;C:\WINDOWS\System32\Wbem;C:\WINDOWS\System32\WindowsPowerShell\v1.0;C:\WINDOWS\System32\OpenSSH;C:\Program Files\NVIDIA Corporation\NVIDIA NvDLISR;C:\Program Files (x86)\NVIDIA Corporation\PhysX\Common;C:\Program Files\Git\cmd;C:\WINDOWS\system32;C:\WINDOWS;C:\WINDOWS\System32\Wbem;C:\WINDOWS\System32\WindowsPowerShell\v1.0;C:\WINDOWS\System32\OpenSSH;C:\Users\bobylev.n\AppData\Local\Microsoft\WindowsApps
USERNAME=bobylev.n
DISPLAY=:0.0
LC_ALL=en_US.UTF-8
OS=Windows_NT
PROCESSOR_IDENTIFIER=Intel64 Family 6 Model 78 Stepping 3, GenuineIntel



---------------  S Y S T E M  ---------------

OS: Windows 10 , 64 bit Build 19041 (10.0.19041.1466)
OS uptime: 4 days 6:24 hours

CPU:total 4 (initial active 4) (2 cores per cpu, 2 threads per core) family 6 model 78 stepping 3 microcode 0xcc, cmov, cx8, fxsr, mmx, sse, sse2, sse3, ssse3, sse4.1, sse4.2, popcnt, avx, avx2, aes, clmul, erms, 3dnowpref, lzcnt, ht, tsc, tscinvbit, bmi1, bmi2, adx, fma

Memory: 4k page, system-wide physical 16257M (5398M free)
TotalPageFile size 17905M (AvailPageFile size 202M)
current process WorkingSet (physical memory assigned to process): 10M, peak: 10M
current process commit charge ("private bytes"): 52M, peak: 308M

vm_info: OpenJDK 64-Bit Server VM (11.0.11+9-b1504.16) for windows-amd64 JRE (11.0.11+9-b1504.16), built on Aug  9 2021 01:34:19 by "" with MS VC++ 14.0 (VS2015)

END.
